<?xml version="1.0" encoding="UTF-8"?>
<!-- Generated by org.testng.reporters.JUnitXMLReporter -->
<testsuite hostname="Viju" ignored="0" name="Test" tests="2" failures="2" timestamp="2022-03-24T16:54:49 IST" time="0.312" errors="0">
  <testcase name="comparedate" time="0.0" classname="pomtest.TestCases">
    <failure type="org.testng.TestNGException" message="
Cannot inject @Test annotated Method [comparedate] with [boolean, boolean].
For more information on native dependency injection please refer to https://testng.org/doc/documentation-main.html#native-dependency-injection">
      <![CDATA[org.testng.TestNGException: 
Cannot inject @Test annotated Method [comparedate] with [boolean, boolean].
For more information on native dependency injection please refer to https://testng.org/doc/documentation-main.html#native-dependency-injection
at java.util.ArrayList.forEach(Unknown Source)
... Removed 26 stack frames]]>
    </failure>
  </testcase> <!-- comparedate -->
  <testcase name="comparecountry" time="0.0" classname="pomtest.TestCases">
    <failure type="org.testng.TestNGException" message="
Cannot inject @Test annotated Method [comparecountry] with [boolean, boolean].
For more information on native dependency injection please refer to https://testng.org/doc/documentation-main.html#native-dependency-injection">
      <![CDATA[org.testng.TestNGException: 
Cannot inject @Test annotated Method [comparecountry] with [boolean, boolean].
For more information on native dependency injection please refer to https://testng.org/doc/documentation-main.html#native-dependency-injection
at java.util.ArrayList.forEach(Unknown Source)
... Removed 26 stack frames]]>
    </failure>
  </testcase> <!-- comparecountry -->
</testsuite> <!-- Test -->
